[0.499s] DEBUG:colcon:Command line arguments: ['/usr/bin/colcon', 'list', '-p', '--base-paths', '/home/ickirchh/csi-data-collector']
[0.500s] DEBUG:colcon:Parsed command line arguments: Namespace(log_base=None, log_level=None, verb_name='list', build_base='build', ignore_user_meta=False, metas=['./colcon.meta'], base_paths=['/home/ickirchh/csi-data-collector'], packages_ignore=None, packages_ignore_regex=None, paths=None, packages_up_to=None, packages_up_to_regex=None, packages_above=None, packages_above_and_dependencies=None, packages_above_depth=None, packages_select_by_dep=None, packages_skip_by_dep=None, packages_skip_up_to=None, packages_select_build_failed=False, packages_skip_build_finished=False, packages_select_test_failures=False, packages_skip_test_passed=False, packages_select=None, packages_skip=None, packages_select_regex=None, packages_skip_regex=None, packages_start=None, packages_end=None, allow_overriding=[], topological_order=False, names_only=False, paths_only=True, topological_graph=False, topological_graph_dot=False, topological_graph_density=False, topological_graph_legend=False, topological_graph_dot_cluster=False, topological_graph_dot_include_skipped=False, verb_parser=<colcon_defaults.argument_parser.defaults.DefaultArgumentsDecorator object at 0x7630b433a860>, verb_extension=<colcon_package_information.verb.list.ListVerb object at 0x7630b44da470>, main=<bound method ListVerb.main of <colcon_package_information.verb.list.ListVerb object at 0x7630b44da470>>)
[0.865s] Level 1:colcon.colcon_core.package_discovery:discover_packages(colcon_meta) check parameters
[0.865s] Level 1:colcon.colcon_core.package_discovery:discover_packages(recursive) check parameters
[0.865s] Level 1:colcon.colcon_core.package_discovery:discover_packages(ignore) check parameters
[0.865s] Level 1:colcon.colcon_core.package_discovery:discover_packages(path) check parameters
[0.865s] Level 1:colcon.colcon_core.package_discovery:discover_packages(recursive) discover
[0.865s] INFO:colcon.colcon_core.package_discovery:Crawling recursively for packages in '/home/ickirchh/csi-data-collector'
[0.866s] Level 1:colcon.colcon_core.package_identification:_identify(/home/ickirchh/csi-data-collector) by extensions ['ignore', 'ignore_ament_install']
[0.866s] Level 1:colcon.colcon_core.package_identification:_identify(/home/ickirchh/csi-data-collector) by extension 'ignore'
[0.866s] Level 1:colcon.colcon_core.package_identification:_identify(/home/ickirchh/csi-data-collector) by extension 'ignore_ament_install'
[0.866s] Level 1:colcon.colcon_core.package_identification:_identify(/home/ickirchh/csi-data-collector) by extensions ['colcon_pkg']
[0.866s] Level 1:colcon.colcon_core.package_identification:_identify(/home/ickirchh/csi-data-collector) by extension 'colcon_pkg'
[0.866s] Level 1:colcon.colcon_core.package_identification:_identify(/home/ickirchh/csi-data-collector) by extensions ['colcon_meta']
[0.866s] Level 1:colcon.colcon_core.package_identification:_identify(/home/ickirchh/csi-data-collector) by extension 'colcon_meta'
[0.866s] Level 1:colcon.colcon_core.package_identification:_identify(/home/ickirchh/csi-data-collector) by extensions ['ros']
[0.866s] Level 1:colcon.colcon_core.package_identification:_identify(/home/ickirchh/csi-data-collector) by extension 'ros'
[0.880s] Level 1:colcon.colcon_core.package_identification:_identify(/home/ickirchh/csi-data-collector) by extensions ['cmake', 'python']
[0.880s] Level 1:colcon.colcon_core.package_identification:_identify(/home/ickirchh/csi-data-collector) by extension 'cmake'
[0.880s] Level 1:colcon.colcon_core.package_identification:_identify(/home/ickirchh/csi-data-collector) by extension 'python'
[0.880s] Level 1:colcon.colcon_core.package_identification:_identify(/home/ickirchh/csi-data-collector) by extensions ['python_setup_py']
[0.880s] Level 1:colcon.colcon_core.package_identification:_identify(/home/ickirchh/csi-data-collector) by extension 'python_setup_py'
[0.881s] Level 1:colcon.colcon_core.package_identification:_identify(/home/ickirchh/csi-data-collector/log) by extensions ['ignore', 'ignore_ament_install']
[0.881s] Level 1:colcon.colcon_core.package_identification:_identify(/home/ickirchh/csi-data-collector/log) by extension 'ignore'
[0.881s] Level 1:colcon.colcon_core.package_identification:_identify(/home/ickirchh/csi-data-collector/log) ignored
[0.881s] Level 1:colcon.colcon_core.package_identification:_identify(/home/ickirchh/csi-data-collector/src) by extensions ['ignore', 'ignore_ament_install']
[0.881s] Level 1:colcon.colcon_core.package_identification:_identify(/home/ickirchh/csi-data-collector/src) by extension 'ignore'
[0.881s] Level 1:colcon.colcon_core.package_identification:_identify(/home/ickirchh/csi-data-collector/src) by extension 'ignore_ament_install'
[0.881s] Level 1:colcon.colcon_core.package_identification:_identify(/home/ickirchh/csi-data-collector/src) by extensions ['colcon_pkg']
[0.881s] Level 1:colcon.colcon_core.package_identification:_identify(/home/ickirchh/csi-data-collector/src) by extension 'colcon_pkg'
[0.881s] Level 1:colcon.colcon_core.package_identification:_identify(/home/ickirchh/csi-data-collector/src) by extensions ['colcon_meta']
[0.881s] Level 1:colcon.colcon_core.package_identification:_identify(/home/ickirchh/csi-data-collector/src) by extension 'colcon_meta'
[0.882s] Level 1:colcon.colcon_core.package_identification:_identify(/home/ickirchh/csi-data-collector/src) by extensions ['ros']
[0.882s] Level 1:colcon.colcon_core.package_identification:_identify(/home/ickirchh/csi-data-collector/src) by extension 'ros'
[0.882s] Level 1:colcon.colcon_core.package_identification:_identify(/home/ickirchh/csi-data-collector/src) by extensions ['cmake', 'python']
[0.882s] Level 1:colcon.colcon_core.package_identification:_identify(/home/ickirchh/csi-data-collector/src) by extension 'cmake'
[0.882s] Level 1:colcon.colcon_core.package_identification:_identify(/home/ickirchh/csi-data-collector/src) by extension 'python'
[0.882s] Level 1:colcon.colcon_core.package_identification:_identify(/home/ickirchh/csi-data-collector/src) by extensions ['python_setup_py']
[0.882s] Level 1:colcon.colcon_core.package_identification:_identify(/home/ickirchh/csi-data-collector/src) by extension 'python_setup_py'
[0.882s] Level 1:colcon.colcon_core.package_identification:_identify(/home/ickirchh/csi-data-collector/src/__pycache__) by extensions ['ignore', 'ignore_ament_install']
[0.882s] Level 1:colcon.colcon_core.package_identification:_identify(/home/ickirchh/csi-data-collector/src/__pycache__) by extension 'ignore'
[0.882s] Level 1:colcon.colcon_core.package_identification:_identify(/home/ickirchh/csi-data-collector/src/__pycache__) by extension 'ignore_ament_install'
[0.882s] Level 1:colcon.colcon_core.package_identification:_identify(/home/ickirchh/csi-data-collector/src/__pycache__) by extensions ['colcon_pkg']
[0.882s] Level 1:colcon.colcon_core.package_identification:_identify(/home/ickirchh/csi-data-collector/src/__pycache__) by extension 'colcon_pkg'
[0.882s] Level 1:colcon.colcon_core.package_identification:_identify(/home/ickirchh/csi-data-collector/src/__pycache__) by extensions ['colcon_meta']
[0.882s] Level 1:colcon.colcon_core.package_identification:_identify(/home/ickirchh/csi-data-collector/src/__pycache__) by extension 'colcon_meta'
[0.882s] Level 1:colcon.colcon_core.package_identification:_identify(/home/ickirchh/csi-data-collector/src/__pycache__) by extensions ['ros']
[0.882s] Level 1:colcon.colcon_core.package_identification:_identify(/home/ickirchh/csi-data-collector/src/__pycache__) by extension 'ros'
[0.883s] Level 1:colcon.colcon_core.package_identification:_identify(/home/ickirchh/csi-data-collector/src/__pycache__) by extensions ['cmake', 'python']
[0.883s] Level 1:colcon.colcon_core.package_identification:_identify(/home/ickirchh/csi-data-collector/src/__pycache__) by extension 'cmake'
[0.883s] Level 1:colcon.colcon_core.package_identification:_identify(/home/ickirchh/csi-data-collector/src/__pycache__) by extension 'python'
[0.883s] Level 1:colcon.colcon_core.package_identification:_identify(/home/ickirchh/csi-data-collector/src/__pycache__) by extensions ['python_setup_py']
[0.883s] Level 1:colcon.colcon_core.package_identification:_identify(/home/ickirchh/csi-data-collector/src/__pycache__) by extension 'python_setup_py'
[0.883s] Level 1:colcon.colcon_core.package_identification:_identify(/home/ickirchh/csi-data-collector/src/wifi_detection_interfaces) by extensions ['ignore', 'ignore_ament_install']
[0.883s] Level 1:colcon.colcon_core.package_identification:_identify(/home/ickirchh/csi-data-collector/src/wifi_detection_interfaces) by extension 'ignore'
[0.883s] Level 1:colcon.colcon_core.package_identification:_identify(/home/ickirchh/csi-data-collector/src/wifi_detection_interfaces) by extension 'ignore_ament_install'
[0.883s] Level 1:colcon.colcon_core.package_identification:_identify(/home/ickirchh/csi-data-collector/src/wifi_detection_interfaces) by extensions ['colcon_pkg']
[0.883s] Level 1:colcon.colcon_core.package_identification:_identify(/home/ickirchh/csi-data-collector/src/wifi_detection_interfaces) by extension 'colcon_pkg'
[0.883s] Level 1:colcon.colcon_core.package_identification:_identify(/home/ickirchh/csi-data-collector/src/wifi_detection_interfaces) by extensions ['colcon_meta']
[0.883s] Level 1:colcon.colcon_core.package_identification:_identify(/home/ickirchh/csi-data-collector/src/wifi_detection_interfaces) by extension 'colcon_meta'
[0.883s] Level 1:colcon.colcon_core.package_identification:_identify(/home/ickirchh/csi-data-collector/src/wifi_detection_interfaces) by extensions ['ros']
[0.883s] Level 1:colcon.colcon_core.package_identification:_identify(/home/ickirchh/csi-data-collector/src/wifi_detection_interfaces) by extension 'ros'
[0.886s] DEBUG:colcon.colcon_core.package_identification:Package '/home/ickirchh/csi-data-collector/src/wifi_detection_interfaces' with type 'ros.ament_cmake' and name 'wifi_detection_interfaces'
[0.886s] Level 1:colcon.colcon_core.package_discovery:discover_packages(recursive) using defaults
